This file contains any messages produced by compilers while
running configure, to aid debugging if configure makes a mistake.

It was created by cabextract configure 1.4, which was
generated by GNU Autoconf 2.65.  Invocation command line was

  $ ./configure 

## --------- ##
## Platform. ##
## --------- ##

hostname = boligrafo.ende.bo
uname -m = x86_64
uname -r = 2.6.18-238.12.1.el5
uname -s = Linux
uname -v = #1 SMP Tue May 31 13:22:04 EDT 2011

/usr/bin/uname -p = unknown
/bin/uname -X     = unknown

/bin/arch              = x86_64
/usr/bin/arch -k       = unknown
/usr/convex/getsysinfo = unknown
/usr/bin/hostinfo      = unknown
/bin/machine           = unknown
/usr/bin/oslevel       = unknown
/bin/universe          = unknown

PATH: /usr/kerberos/sbin
PATH: /usr/kerberos/bin
PATH: /usr/share/centrifydc/sbin
PATH: /usr/share/centrifydc/bin
PATH: /usr/local/sbin
PATH: /usr/local/bin
PATH: /sbin
PATH: /bin
PATH: /usr/sbin
PATH: /usr/bin
PATH: /root/bin


## ----------- ##
## Core tests. ##
## ----------- ##

configure:2435: checking for a BSD-compatible install
configure:2503: result: /usr/bin/install -c
configure:2514: checking whether build environment is sane
configure:2564: result: yes
configure:2705: checking for a thread-safe mkdir -p
configure:2744: result: /bin/mkdir -p
configure:2757: checking for gawk
configure:2773: found /bin/gawk
configure:2784: result: gawk
configure:2795: checking whether make sets $(MAKE)
configure:2817: result: yes
configure:2950: checking for gcc
configure:2966: found /usr/bin/gcc
configure:2977: result: gcc
configure:3206: checking for C compiler version
configure:3215: gcc --version >&5
gcc (GCC) 4.1.2 20080704 (Red Hat 4.1.2-50)
Copyright (C) 2006 Free Software Foundation, Inc.
This is free software; see the source for copying conditions.  There is NO
warranty; not even for MERCHANTABILITY or FITNESS FOR A PARTICULAR PURPOSE.

configure:3226: $? = 0
configure:3215: gcc -v >&5
Using built-in specs.
Target: x86_64-redhat-linux
Configured with: ../configure --prefix=/usr --mandir=/usr/share/man --infodir=/usr/share/info --enable-shared --enable-threads=posix --enable-checking=release --with-system-zlib --enable-__cxa_atexit --disable-libunwind-exceptions --enable-libgcj-multifile --enable-languages=c,c++,objc,obj-c++,java,fortran,ada --enable-java-awt=gtk --disable-dssi --disable-plugin --with-java-home=/usr/lib/jvm/java-1.4.2-gcj-1.4.2.0/jre --with-cpu=generic --host=x86_64-redhat-linux
Thread model: posix
gcc version 4.1.2 20080704 (Red Hat 4.1.2-50)
configure:3226: $? = 0
configure:3215: gcc -V >&5
gcc: '-V' option must have argument
configure:3226: $? = 1
configure:3215: gcc -qversion >&5
gcc: unrecognized option '-qversion'
gcc: no input files
configure:3226: $? = 1
configure:3246: checking whether the C compiler works
configure:3268: gcc    conftest.c  >&5
configure:3272: $? = 0
configure:3321: result: yes
configure:3324: checking for C compiler default output file name
configure:3326: result: a.out
configure:3332: checking for suffix of executables
configure:3339: gcc -o conftest    conftest.c  >&5
configure:3343: $? = 0
configure:3365: result: 
configure:3387: checking whether we are cross compiling
configure:3395: gcc -o conftest    conftest.c  >&5
configure:3399: $? = 0
configure:3406: ./conftest
configure:3410: $? = 0
configure:3425: result: no
configure:3430: checking for suffix of object files
configure:3452: gcc -c   conftest.c >&5
configure:3456: $? = 0
configure:3477: result: o
configure:3481: checking whether we are using the GNU C compiler
configure:3500: gcc -c   conftest.c >&5
configure:3500: $? = 0
configure:3509: result: yes
configure:3518: checking whether gcc accepts -g
configure:3538: gcc -c -g  conftest.c >&5
configure:3538: $? = 0
configure:3579: result: yes
configure:3596: checking for gcc option to accept ISO C89
configure:3660: gcc  -c -g -O2  conftest.c >&5
configure:3660: $? = 0
configure:3673: result: none needed
configure:3704: checking for style of include used by make
configure:3732: result: GNU
configure:3757: checking dependency style of gcc
configure:3867: result: none
configure:3926: checking for ranlib
configure:3942: found /usr/bin/ranlib
configure:3953: result: ranlib
configure:3984: checking how to run the C preprocessor
configure:4015: gcc -E  conftest.c
configure:4015: $? = 0
configure:4029: gcc -E  conftest.c
conftest.c:11:28: error: ac_nonexistent.h: No such file or directory
configure:4029: $? = 1
configure: failed program was:
| /* confdefs.h */
| #define PACKAGE_NAME "cabextract"
| #define PACKAGE_TARNAME "cabextract"
| #define PACKAGE_VERSION "1.4"
| #define PACKAGE_STRING "cabextract 1.4"
| #define PACKAGE_BUGREPORT "kyzer@4u.net"
| #define PACKAGE_URL ""
| #define PACKAGE "cabextract"
| #define VERSION "1.4"
| /* end confdefs.h.  */
| #include <ac_nonexistent.h>
configure:4054: result: gcc -E
configure:4074: gcc -E  conftest.c
configure:4074: $? = 0
configure:4088: gcc -E  conftest.c
conftest.c:11:28: error: ac_nonexistent.h: No such file or directory
configure:4088: $? = 1
configure: failed program was:
| /* confdefs.h */
| #define PACKAGE_NAME "cabextract"
| #define PACKAGE_TARNAME "cabextract"
| #define PACKAGE_VERSION "1.4"
| #define PACKAGE_STRING "cabextract 1.4"
| #define PACKAGE_BUGREPORT "kyzer@4u.net"
| #define PACKAGE_URL ""
| #define PACKAGE "cabextract"
| #define VERSION "1.4"
| /* end confdefs.h.  */
| #include <ac_nonexistent.h>
configure:4117: checking for grep that handles long lines and -e
configure:4175: result: /bin/grep
configure:4180: checking for egrep
configure:4242: result: /bin/grep -E
configure:4247: checking for ANSI C header files
configure:4267: gcc -c -g -O2  conftest.c >&5
configure:4267: $? = 0
configure:4340: gcc -o conftest -g -O2   conftest.c  >&5
configure:4340: $? = 0
configure:4340: ./conftest
configure:4340: $? = 0
configure:4351: result: yes
configure:4359: checking whether time.h and sys/time.h may both be included
configure:4379: gcc -c -g -O2  conftest.c >&5
configure:4379: $? = 0
configure:4386: result: yes
configure:4397: checking for dirent.h that defines DIR
configure:4416: gcc -c -g -O2  conftest.c >&5
configure:4416: $? = 0
configure:4424: result: yes
configure:4438: checking for library containing opendir
configure:4469: gcc -o conftest -g -O2   conftest.c  >&5
configure:4469: $? = 0
configure:4486: result: none required
configure:4558: checking for sys/types.h
configure:4558: gcc -c -g -O2  conftest.c >&5
configure:4558: $? = 0
configure:4558: result: yes
configure:4558: checking for sys/stat.h
configure:4558: gcc -c -g -O2  conftest.c >&5
configure:4558: $? = 0
configure:4558: result: yes
configure:4558: checking for stdlib.h
configure:4558: gcc -c -g -O2  conftest.c >&5
configure:4558: $? = 0
configure:4558: result: yes
configure:4558: checking for string.h
configure:4558: gcc -c -g -O2  conftest.c >&5
configure:4558: $? = 0
configure:4558: result: yes
configure:4558: checking for memory.h
configure:4558: gcc -c -g -O2  conftest.c >&5
configure:4558: $? = 0
configure:4558: result: yes
configure:4558: checking for strings.h
configure:4558: gcc -c -g -O2  conftest.c >&5
configure:4558: $? = 0
configure:4558: result: yes
configure:4558: checking for inttypes.h
configure:4558: gcc -c -g -O2  conftest.c >&5
configure:4558: $? = 0
configure:4558: result: yes
configure:4558: checking for stdint.h
configure:4558: gcc -c -g -O2  conftest.c >&5
configure:4558: $? = 0
configure:4558: result: yes
configure:4558: checking for unistd.h
configure:4558: gcc -c -g -O2  conftest.c >&5
configure:4558: $? = 0
configure:4558: result: yes
configure:4576: checking ctype.h usability
configure:4576: gcc -c -g -O2  conftest.c >&5
configure:4576: $? = 0
configure:4576: result: yes
configure:4576: checking ctype.h presence
configure:4576: gcc -E  conftest.c
configure:4576: $? = 0
configure:4576: result: yes
configure:4576: checking for ctype.h
configure:4576: result: yes
configure:4576: checking errno.h usability
configure:4576: gcc -c -g -O2  conftest.c >&5
configure:4576: $? = 0
configure:4576: result: yes
configure:4576: checking errno.h presence
configure:4576: gcc -E  conftest.c
configure:4576: $? = 0
configure:4576: result: yes
configure:4576: checking for errno.h
configure:4576: result: yes
configure:4576: checking fnmatch.h usability
configure:4576: gcc -c -g -O2  conftest.c >&5
configure:4576: $? = 0
configure:4576: result: yes
configure:4576: checking fnmatch.h presence
configure:4576: gcc -E  conftest.c
configure:4576: $? = 0
configure:4576: result: yes
configure:4576: checking for fnmatch.h
configure:4576: result: yes
configure:4576: checking libintl.h usability
configure:4576: gcc -c -g -O2  conftest.c >&5
configure:4576: $? = 0
configure:4576: result: yes
configure:4576: checking libintl.h presence
configure:4576: gcc -E  conftest.c
configure:4576: $? = 0
configure:4576: result: yes
configure:4576: checking for libintl.h
configure:4576: result: yes
configure:4576: checking limits.h usability
configure:4576: gcc -c -g -O2  conftest.c >&5
configure:4576: $? = 0
configure:4576: result: yes
configure:4576: checking limits.h presence
configure:4576: gcc -E  conftest.c
configure:4576: $? = 0
configure:4576: result: yes
configure:4576: checking for limits.h
configure:4576: result: yes
configure:4576: checking for stdlib.h
configure:4576: result: yes
configure:4576: checking for string.h
configure:4576: result: yes
configure:4576: checking for strings.h
configure:4576: result: yes
configure:4576: checking utime.h usability
configure:4576: gcc -c -g -O2  conftest.c >&5
configure:4576: $? = 0
configure:4576: result: yes
configure:4576: checking utime.h presence
configure:4576: gcc -E  conftest.c
configure:4576: $? = 0
configure:4576: result: yes
configure:4576: checking for utime.h
configure:4576: result: yes
configure:4576: checking stdarg.h usability
configure:4576: gcc -c -g -O2  conftest.c >&5
configure:4576: $? = 0
configure:4576: result: yes
configure:4576: checking stdarg.h presence
configure:4576: gcc -E  conftest.c
configure:4576: $? = 0
configure:4576: result: yes
configure:4576: checking for stdarg.h
configure:4576: result: yes
configure:4576: checking for sys/stat.h
configure:4576: result: yes
configure:4576: checking sys/time.h usability
configure:4576: gcc -c -g -O2  conftest.c >&5
configure:4576: $? = 0
configure:4576: result: yes
configure:4576: checking sys/time.h presence
configure:4576: gcc -E  conftest.c
configure:4576: $? = 0
configure:4576: result: yes
configure:4576: checking for sys/time.h
configure:4576: result: yes
configure:4576: checking for sys/types.h
configure:4576: result: yes
configure:4576: checking getopt.h usability
configure:4576: gcc -c -g -O2  conftest.c >&5
configure:4576: $? = 0
configure:4576: result: yes
configure:4576: checking getopt.h presence
configure:4576: gcc -E  conftest.c
configure:4576: $? = 0
configure:4576: result: yes
configure:4576: checking for getopt.h
configure:4576: result: yes
configure:4576: checking wchar.h usability
configure:4576: gcc -c -g -O2  conftest.c >&5
configure:4576: $? = 0
configure:4576: result: yes
configure:4576: checking wchar.h presence
configure:4576: gcc -E  conftest.c
configure:4576: $? = 0
configure:4576: result: yes
configure:4576: checking for wchar.h
configure:4576: result: yes
configure:4576: checking wctype.h usability
configure:4576: gcc -c -g -O2  conftest.c >&5
configure:4576: $? = 0
configure:4576: result: yes
configure:4576: checking wctype.h presence
configure:4576: gcc -E  conftest.c
configure:4576: $? = 0
configure:4576: result: yes
configure:4576: checking for wctype.h
configure:4576: result: yes
configure:4589: checking for an ANSI C-conforming const
configure:4654: gcc -c -g -O2  conftest.c >&5
configure:4654: $? = 0
configure:4661: result: yes
configure:4669: checking for inline
configure:4685: gcc -c -g -O2  conftest.c >&5
configure:4685: $? = 0
configure:4693: result: inline
configure:4711: checking for mode_t
configure:4711: gcc -c -g -O2  conftest.c >&5
configure:4711: $? = 0
configure:4711: gcc -c -g -O2  conftest.c >&5
conftest.c: In function 'main':
conftest.c:75: error: expected expression before ')' token
configure:4711: $? = 1
configure: failed program was:
| /* confdefs.h */
| #define PACKAGE_NAME "cabextract"
| #define PACKAGE_TARNAME "cabextract"
| #define PACKAGE_VERSION "1.4"
| #define PACKAGE_STRING "cabextract 1.4"
| #define PACKAGE_BUGREPORT "kyzer@4u.net"
| #define PACKAGE_URL ""
| #define PACKAGE "cabextract"
| #define VERSION "1.4"
| #define STDC_HEADERS 1
| #define TIME_WITH_SYS_TIME 1
| #define HAVE_DIRENT_H 1
| #define HAVE_SYS_TYPES_H 1
| #define HAVE_SYS_STAT_H 1
| #define HAVE_STDLIB_H 1
| #define HAVE_STRING_H 1
| #define HAVE_MEMORY_H 1
| #define HAVE_STRINGS_H 1
| #define HAVE_INTTYPES_H 1
| #define HAVE_STDINT_H 1
| #define HAVE_UNISTD_H 1
| #define HAVE_CTYPE_H 1
| #define HAVE_ERRNO_H 1
| #define HAVE_FNMATCH_H 1
| #define HAVE_LIBINTL_H 1
| #define HAVE_LIMITS_H 1
| #define HAVE_STDLIB_H 1
| #define HAVE_STRING_H 1
| #define HAVE_STRINGS_H 1
| #define HAVE_UTIME_H 1
| #define HAVE_STDARG_H 1
| #define HAVE_SYS_STAT_H 1
| #define HAVE_SYS_TIME_H 1
| #define HAVE_SYS_TYPES_H 1
| #define HAVE_GETOPT_H 1
| #define HAVE_WCHAR_H 1
| #define HAVE_WCTYPE_H 1
| /* end confdefs.h.  */
| #include <stdio.h>
| #ifdef HAVE_SYS_TYPES_H
| # include <sys/types.h>
| #endif
| #ifdef HAVE_SYS_STAT_H
| # include <sys/stat.h>
| #endif
| #ifdef STDC_HEADERS
| # include <stdlib.h>
| # include <stddef.h>
| #else
| # ifdef HAVE_STDLIB_H
| #  include <stdlib.h>
| # endif
| #endif
| #ifdef HAVE_STRING_H
| # if !defined STDC_HEADERS && defined HAVE_MEMORY_H
| #  include <memory.h>
| # endif
| # include <string.h>
| #endif
| #ifdef HAVE_STRINGS_H
| # include <strings.h>
| #endif
| #ifdef HAVE_INTTYPES_H
| # include <inttypes.h>
| #endif
| #ifdef HAVE_STDINT_H
| # include <stdint.h>
| #endif
| #ifdef HAVE_UNISTD_H
| # include <unistd.h>
| #endif
| int
| main ()
| {
| if (sizeof ((mode_t)))
| 	    return 0;
|   ;
|   return 0;
| }
configure:4711: result: yes
configure:4722: checking for off_t
configure:4722: gcc -c -g -O2  conftest.c >&5
configure:4722: $? = 0
configure:4722: gcc -c -g -O2  conftest.c >&5
conftest.c: In function 'main':
conftest.c:75: error: expected expression before ')' token
configure:4722: $? = 1
configure: failed program was:
| /* confdefs.h */
| #define PACKAGE_NAME "cabextract"
| #define PACKAGE_TARNAME "cabextract"
| #define PACKAGE_VERSION "1.4"
| #define PACKAGE_STRING "cabextract 1.4"
| #define PACKAGE_BUGREPORT "kyzer@4u.net"
| #define PACKAGE_URL ""
| #define PACKAGE "cabextract"
| #define VERSION "1.4"
| #define STDC_HEADERS 1
| #define TIME_WITH_SYS_TIME 1
| #define HAVE_DIRENT_H 1
| #define HAVE_SYS_TYPES_H 1
| #define HAVE_SYS_STAT_H 1
| #define HAVE_STDLIB_H 1
| #define HAVE_STRING_H 1
| #define HAVE_MEMORY_H 1
| #define HAVE_STRINGS_H 1
| #define HAVE_INTTYPES_H 1
| #define HAVE_STDINT_H 1
| #define HAVE_UNISTD_H 1
| #define HAVE_CTYPE_H 1
| #define HAVE_ERRNO_H 1
| #define HAVE_FNMATCH_H 1
| #define HAVE_LIBINTL_H 1
| #define HAVE_LIMITS_H 1
| #define HAVE_STDLIB_H 1
| #define HAVE_STRING_H 1
| #define HAVE_STRINGS_H 1
| #define HAVE_UTIME_H 1
| #define HAVE_STDARG_H 1
| #define HAVE_SYS_STAT_H 1
| #define HAVE_SYS_TIME_H 1
| #define HAVE_SYS_TYPES_H 1
| #define HAVE_GETOPT_H 1
| #define HAVE_WCHAR_H 1
| #define HAVE_WCTYPE_H 1
| /* end confdefs.h.  */
| #include <stdio.h>
| #ifdef HAVE_SYS_TYPES_H
| # include <sys/types.h>
| #endif
| #ifdef HAVE_SYS_STAT_H
| # include <sys/stat.h>
| #endif
| #ifdef STDC_HEADERS
| # include <stdlib.h>
| # include <stddef.h>
| #else
| # ifdef HAVE_STDLIB_H
| #  include <stdlib.h>
| # endif
| #endif
| #ifdef HAVE_STRING_H
| # if !defined STDC_HEADERS && defined HAVE_MEMORY_H
| #  include <memory.h>
| # endif
| # include <string.h>
| #endif
| #ifdef HAVE_STRINGS_H
| # include <strings.h>
| #endif
| #ifdef HAVE_INTTYPES_H
| # include <inttypes.h>
| #endif
| #ifdef HAVE_STDINT_H
| # include <stdint.h>
| #endif
| #ifdef HAVE_UNISTD_H
| # include <unistd.h>
| #endif
| int
| main ()
| {
| if (sizeof ((off_t)))
| 	    return 0;
|   ;
|   return 0;
| }
configure:4722: result: yes
configure:4733: checking for size_t
configure:4733: gcc -c -g -O2  conftest.c >&5
configure:4733: $? = 0
configure:4733: gcc -c -g -O2  conftest.c >&5
conftest.c: In function 'main':
conftest.c:75: error: expected expression before ')' token
configure:4733: $? = 1
configure: failed program was:
| /* confdefs.h */
| #define PACKAGE_NAME "cabextract"
| #define PACKAGE_TARNAME "cabextract"
| #define PACKAGE_VERSION "1.4"
| #define PACKAGE_STRING "cabextract 1.4"
| #define PACKAGE_BUGREPORT "kyzer@4u.net"
| #define PACKAGE_URL ""
| #define PACKAGE "cabextract"
| #define VERSION "1.4"
| #define STDC_HEADERS 1
| #define TIME_WITH_SYS_TIME 1
| #define HAVE_DIRENT_H 1
| #define HAVE_SYS_TYPES_H 1
| #define HAVE_SYS_STAT_H 1
| #define HAVE_STDLIB_H 1
| #define HAVE_STRING_H 1
| #define HAVE_MEMORY_H 1
| #define HAVE_STRINGS_H 1
| #define HAVE_INTTYPES_H 1
| #define HAVE_STDINT_H 1
| #define HAVE_UNISTD_H 1
| #define HAVE_CTYPE_H 1
| #define HAVE_ERRNO_H 1
| #define HAVE_FNMATCH_H 1
| #define HAVE_LIBINTL_H 1
| #define HAVE_LIMITS_H 1
| #define HAVE_STDLIB_H 1
| #define HAVE_STRING_H 1
| #define HAVE_STRINGS_H 1
| #define HAVE_UTIME_H 1
| #define HAVE_STDARG_H 1
| #define HAVE_SYS_STAT_H 1
| #define HAVE_SYS_TIME_H 1
| #define HAVE_SYS_TYPES_H 1
| #define HAVE_GETOPT_H 1
| #define HAVE_WCHAR_H 1
| #define HAVE_WCTYPE_H 1
| /* end confdefs.h.  */
| #include <stdio.h>
| #ifdef HAVE_SYS_TYPES_H
| # include <sys/types.h>
| #endif
| #ifdef HAVE_SYS_STAT_H
| # include <sys/stat.h>
| #endif
| #ifdef STDC_HEADERS
| # include <stdlib.h>
| # include <stddef.h>
| #else
| # ifdef HAVE_STDLIB_H
| #  include <stdlib.h>
| # endif
| #endif
| #ifdef HAVE_STRING_H
| # if !defined STDC_HEADERS && defined HAVE_MEMORY_H
| #  include <memory.h>
| # endif
| # include <string.h>
| #endif
| #ifdef HAVE_STRINGS_H
| # include <strings.h>
| #endif
| #ifdef HAVE_INTTYPES_H
| # include <inttypes.h>
| #endif
| #ifdef HAVE_STDINT_H
| # include <stdint.h>
| #endif
| #ifdef HAVE_UNISTD_H
| # include <unistd.h>
| #endif
| int
| main ()
| {
| if (sizeof ((size_t)))
| 	    return 0;
|   ;
|   return 0;
| }
configure:4733: result: yes
configure:4748: checking size of off_t
configure:4753: gcc -o conftest -g -O2   conftest.c  >&5
configure:4753: $? = 0
configure:4753: ./conftest
configure:4753: $? = 0
configure:4768: result: 8
configure:4785: checking for special C compiler options needed for large files
configure:4830: result: no
configure:4836: checking for _FILE_OFFSET_BITS value needed for large files
configure:4861: gcc -c -g -O2  conftest.c >&5
configure:4861: $? = 0
configure:4893: result: no
configure:4978: checking for working POSIX fnmatch
configure:5011: gcc -o conftest -g -O2   conftest.c  >&5
configure:5011: $? = 0
configure:5011: ./conftest
configure:5011: $? = 0
configure:5021: result: yes
configure:5030: checking for _LARGEFILE_SOURCE value needed for large files
configure:5049: gcc -o conftest -g -O2   conftest.c  >&5
configure:5049: $? = 0
configure:5077: result: no
configure:5101: checking for mkdir
configure:5101: gcc -o conftest -g -O2   conftest.c  >&5
configure:5101: $? = 0
configure:5101: result: yes
configure:5101: checking for _mkdir
configure:5101: gcc -o conftest -g -O2   conftest.c  >&5
/tmp/cccF0K1n.o: In function `main':
/var/www/html/web/lib/cabextract-1.4/conftest.c:77: undefined reference to `_mkdir'
collect2: ld returned 1 exit status
configure:5101: $? = 1
configure: failed program was:
| /* confdefs.h */
| #define PACKAGE_NAME "cabextract"
| #define PACKAGE_TARNAME "cabextract"
| #define PACKAGE_VERSION "1.4"
| #define PACKAGE_STRING "cabextract 1.4"
| #define PACKAGE_BUGREPORT "kyzer@4u.net"
| #define PACKAGE_URL ""
| #define PACKAGE "cabextract"
| #define VERSION "1.4"
| #define STDC_HEADERS 1
| #define TIME_WITH_SYS_TIME 1
| #define HAVE_DIRENT_H 1
| #define HAVE_SYS_TYPES_H 1
| #define HAVE_SYS_STAT_H 1
| #define HAVE_STDLIB_H 1
| #define HAVE_STRING_H 1
| #define HAVE_MEMORY_H 1
| #define HAVE_STRINGS_H 1
| #define HAVE_INTTYPES_H 1
| #define HAVE_STDINT_H 1
| #define HAVE_UNISTD_H 1
| #define HAVE_CTYPE_H 1
| #define HAVE_ERRNO_H 1
| #define HAVE_FNMATCH_H 1
| #define HAVE_LIBINTL_H 1
| #define HAVE_LIMITS_H 1
| #define HAVE_STDLIB_H 1
| #define HAVE_STRING_H 1
| #define HAVE_STRINGS_H 1
| #define HAVE_UTIME_H 1
| #define HAVE_STDARG_H 1
| #define HAVE_SYS_STAT_H 1
| #define HAVE_SYS_TIME_H 1
| #define HAVE_SYS_TYPES_H 1
| #define HAVE_GETOPT_H 1
| #define HAVE_WCHAR_H 1
| #define HAVE_WCTYPE_H 1
| #define SIZEOF_OFF_T 8
| #define HAVE_FNMATCH 1
| #define HAVE_FSEEKO 1
| #define HAVE_MKDIR 1
| /* end confdefs.h.  */
| /* Define _mkdir to an innocuous variant, in case <limits.h> declares _mkdir.
|    For example, HP-UX 11i <limits.h> declares gettimeofday.  */
| #define _mkdir innocuous__mkdir
| 
| /* System header to define __stub macros and hopefully few prototypes,
|     which can conflict with char _mkdir (); below.
|     Prefer <limits.h> to <assert.h> if __STDC__ is defined, since
|     <limits.h> exists even on freestanding compilers.  */
| 
| #ifdef __STDC__
| # include <limits.h>
| #else
| # include <assert.h>
| #endif
| 
| #undef _mkdir
| 
| /* Override any GCC internal prototype to avoid an error.
|    Use char because int might match the return type of a GCC
|    builtin and then its argument prototype would still apply.  */
| #ifdef __cplusplus
| extern "C"
| #endif
| char _mkdir ();
| /* The GNU C library defines this for functions which it implements
|     to always fail with ENOSYS.  Some functions are actually named
|     something starting with __ and the normal name is an alias.  */
| #if defined __stub__mkdir || defined __stub____mkdir
| choke me
| #endif
| 
| int
| main ()
| {
| return _mkdir ();
|   ;
|   return 0;
| }
configure:5101: result: no
configure:5111: checking whether mkdir takes one argument
configure:5132: gcc -c -g -O2  conftest.c >&5
conftest.c: In function 'main':
conftest.c:52: error: too few arguments to function 'mkdir'
configure:5132: $? = 1
configure: failed program was:
| /* confdefs.h */
| #define PACKAGE_NAME "cabextract"
| #define PACKAGE_TARNAME "cabextract"
| #define PACKAGE_VERSION "1.4"
| #define PACKAGE_STRING "cabextract 1.4"
| #define PACKAGE_BUGREPORT "kyzer@4u.net"
| #define PACKAGE_URL ""
| #define PACKAGE "cabextract"
| #define VERSION "1.4"
| #define STDC_HEADERS 1
| #define TIME_WITH_SYS_TIME 1
| #define HAVE_DIRENT_H 1
| #define HAVE_SYS_TYPES_H 1
| #define HAVE_SYS_STAT_H 1
| #define HAVE_STDLIB_H 1
| #define HAVE_STRING_H 1
| #define HAVE_MEMORY_H 1
| #define HAVE_STRINGS_H 1
| #define HAVE_INTTYPES_H 1
| #define HAVE_STDINT_H 1
| #define HAVE_UNISTD_H 1
| #define HAVE_CTYPE_H 1
| #define HAVE_ERRNO_H 1
| #define HAVE_FNMATCH_H 1
| #define HAVE_LIBINTL_H 1
| #define HAVE_LIMITS_H 1
| #define HAVE_STDLIB_H 1
| #define HAVE_STRING_H 1
| #define HAVE_STRINGS_H 1
| #define HAVE_UTIME_H 1
| #define HAVE_STDARG_H 1
| #define HAVE_SYS_STAT_H 1
| #define HAVE_SYS_TIME_H 1
| #define HAVE_SYS_TYPES_H 1
| #define HAVE_GETOPT_H 1
| #define HAVE_WCHAR_H 1
| #define HAVE_WCTYPE_H 1
| #define SIZEOF_OFF_T 8
| #define HAVE_FNMATCH 1
| #define HAVE_FSEEKO 1
| #define HAVE_MKDIR 1
| /* end confdefs.h.  */
| 
| #include <sys/stat.h>
| #if HAVE_UNISTD_H
| #  include <unistd.h>
| #endif
| 
| int
| main ()
| {
| mkdir (".");
|   ;
|   return 0;
| }
configure:5139: result: no
configure:5153: checking for sys/time.h
configure:5153: result: yes
configure:5153: checking for unistd.h
configure:5153: result: yes
configure:5175: checking for alarm
configure:5175: gcc -o conftest -g -O2   conftest.c  >&5
configure:5175: $? = 0
configure:5175: result: yes
configure:5189: checking for working mktime
configure:5394: gcc -o conftest -g -O2   conftest.c  >&5
configure:5394: $? = 0
configure:5394: ./conftest
configure:5394: $? = 0
configure:5404: result: yes
configure:5418: checking for memcpy
configure:5418: gcc -o conftest -g -O2   conftest.c  >&5
conftest.c:69: warning: conflicting types for built-in function 'memcpy'
configure:5418: $? = 0
configure:5418: result: yes
configure:5418: checking for strcasecmp
configure:5418: gcc -o conftest -g -O2   conftest.c  >&5
conftest.c:70: warning: conflicting types for built-in function 'strcasecmp'
configure:5418: $? = 0
configure:5418: result: yes
configure:5418: checking for strchr
configure:5418: gcc -o conftest -g -O2   conftest.c  >&5
conftest.c:71: warning: conflicting types for built-in function 'strchr'
configure:5418: $? = 0
configure:5418: result: yes
configure:5418: checking for utime
configure:5418: gcc -o conftest -g -O2   conftest.c  >&5
configure:5418: $? = 0
configure:5418: result: yes
configure:5418: checking for utimes
configure:5418: gcc -o conftest -g -O2   conftest.c  >&5
configure:5418: $? = 0
configure:5418: result: yes
configure:5430: checking for getopt_long
configure:5430: gcc -o conftest -g -O2   conftest.c  >&5
configure:5430: $? = 0
configure:5430: result: yes
configure:5495: checking for working alloca.h
configure:5512: gcc -o conftest -g -O2   conftest.c  >&5
configure:5512: $? = 0
configure:5520: result: yes
configure:5528: checking for alloca
configure:5565: gcc -o conftest -g -O2   conftest.c  >&5
configure:5565: $? = 0
configure:5573: result: yes
configure:5683: checking for mbstate_t
configure:5700: gcc -c -g -O2  conftest.c >&5
configure:5700: $? = 0
configure:5707: result: yes
configure:5718: checking for working POSIX fnmatch
configure:5761: result: yes
configure:6018: creating ./config.status

## ---------------------- ##
## Running config.status. ##
## ---------------------- ##

This file was extended by cabextract config.status 1.4, which was
generated by GNU Autoconf 2.65.  Invocation command line was

  CONFIG_FILES    = 
  CONFIG_HEADERS  = 
  CONFIG_LINKS    = 
  CONFIG_COMMANDS = 
  $ ./config.status 

on boligrafo.ende.bo

config.status:896: creating Makefile
config.status:896: creating cabextract.spec
config.status:896: creating config.h
config.status:1068: config.h is unchanged
config.status:1147: executing depfiles commands

## ---------------- ##
## Cache variables. ##
## ---------------- ##

ac_cv_c_compiler_gnu=yes
ac_cv_c_const=yes
ac_cv_c_inline=inline
ac_cv_env_CC_set=
ac_cv_env_CC_value=
ac_cv_env_CFLAGS_set=
ac_cv_env_CFLAGS_value=
ac_cv_env_CPPFLAGS_set=
ac_cv_env_CPPFLAGS_value=
ac_cv_env_CPP_set=
ac_cv_env_CPP_value=
ac_cv_env_LDFLAGS_set=
ac_cv_env_LDFLAGS_value=
ac_cv_env_LIBS_set=
ac_cv_env_LIBS_value=
ac_cv_env_build_alias_set=
ac_cv_env_build_alias_value=
ac_cv_env_host_alias_set=
ac_cv_env_host_alias_value=
ac_cv_env_target_alias_set=
ac_cv_env_target_alias_value=
ac_cv_func__mkdir=no
ac_cv_func_alarm=yes
ac_cv_func_alloca_works=yes
ac_cv_func_fnmatch_works=yes
ac_cv_func_getopt_long=yes
ac_cv_func_memcpy=yes
ac_cv_func_mkdir=yes
ac_cv_func_strcasecmp=yes
ac_cv_func_strchr=yes
ac_cv_func_utime=yes
ac_cv_func_utimes=yes
ac_cv_func_working_mktime=yes
ac_cv_header_ctype_h=yes
ac_cv_header_dirent_dirent_h=yes
ac_cv_header_errno_h=yes
ac_cv_header_fnmatch_h=yes
ac_cv_header_getopt_h=yes
ac_cv_header_inttypes_h=yes
ac_cv_header_libintl_h=yes
ac_cv_header_limits_h=yes
ac_cv_header_memory_h=yes
ac_cv_header_stdarg_h=yes
ac_cv_header_stdc=yes
ac_cv_header_stdint_h=yes
ac_cv_header_stdlib_h=yes
ac_cv_header_string_h=yes
ac_cv_header_strings_h=yes
ac_cv_header_sys_stat_h=yes
ac_cv_header_sys_time_h=yes
ac_cv_header_sys_types_h=yes
ac_cv_header_time=yes
ac_cv_header_unistd_h=yes
ac_cv_header_utime_h=yes
ac_cv_header_wchar_h=yes
ac_cv_header_wctype_h=yes
ac_cv_mkdir_takes_one_arg=no
ac_cv_objext=o
ac_cv_path_EGREP='/bin/grep -E'
ac_cv_path_GREP=/bin/grep
ac_cv_path_install='/usr/bin/install -c'
ac_cv_path_mkdir=/bin/mkdir
ac_cv_prog_AWK=gawk
ac_cv_prog_CPP='gcc -E'
ac_cv_prog_ac_ct_CC=gcc
ac_cv_prog_ac_ct_RANLIB=ranlib
ac_cv_prog_cc_c89=
ac_cv_prog_cc_g=yes
ac_cv_prog_make_make_set=yes
ac_cv_search_opendir='none required'
ac_cv_sizeof_off_t=8
ac_cv_sys_file_offset_bits=no
ac_cv_sys_largefile_CC=no
ac_cv_sys_largefile_source=no
ac_cv_type_mbstate_t=yes
ac_cv_type_mode_t=yes
ac_cv_type_off_t=yes
ac_cv_type_size_t=yes
ac_cv_working_alloca_h=yes
am_cv_CC_dependencies_compiler_type=none

## ----------------- ##
## Output variables. ##
## ----------------- ##

ACLOCAL='${SHELL} /var/www/html/web/lib/cabextract-1.4/missing --run aclocal-1.11'
ALLOCA=''
AMDEPBACKSLASH='\'
AMDEP_FALSE='#'
AMDEP_TRUE=''
AMTAR='${SHELL} /var/www/html/web/lib/cabextract-1.4/missing --run tar'
AUTOCONF='${SHELL} /var/www/html/web/lib/cabextract-1.4/missing --run autoconf'
AUTOHEADER='${SHELL} /var/www/html/web/lib/cabextract-1.4/missing --run autoheader'
AUTOMAKE='${SHELL} /var/www/html/web/lib/cabextract-1.4/missing --run automake-1.11'
AWK='gawk'
CC='gcc'
CCDEPMODE='depmode=none'
CFLAGS='-g -O2'
CPP='gcc -E'
CPPFLAGS=''
CYGPATH_W='echo'
DEFS='-DHAVE_CONFIG_H'
DEPDIR='.deps'
ECHO_C=''
ECHO_N='-n'
ECHO_T=''
EGREP='/bin/grep -E'
EXEEXT=''
EXTERNAL_LIBMSPACK_FALSE=''
EXTERNAL_LIBMSPACK_TRUE='#'
GREP='/bin/grep'
INSTALL_DATA='${INSTALL} -m 644'
INSTALL_PROGRAM='${INSTALL}'
INSTALL_SCRIPT='${INSTALL}'
INSTALL_STRIP_PROGRAM='$(install_sh) -c -s'
LDFLAGS=''
LIBMSPACK_LIBS=''
LIBOBJS=''
LIBS=''
LTLIBOBJS=''
MAKEINFO='${SHELL} /var/www/html/web/lib/cabextract-1.4/missing --run makeinfo'
MKDIR_P='/bin/mkdir -p'
OBJEXT='o'
PACKAGE='cabextract'
PACKAGE_BUGREPORT='kyzer@4u.net'
PACKAGE_NAME='cabextract'
PACKAGE_STRING='cabextract 1.4'
PACKAGE_TARNAME='cabextract'
PACKAGE_URL=''
PACKAGE_VERSION='1.4'
PATH_SEPARATOR=':'
RANLIB='ranlib'
SET_MAKE=''
SHELL='/bin/sh'
STRIP=''
VERSION='1.4'
ac_ct_CC='gcc'
am__EXEEXT_FALSE=''
am__EXEEXT_TRUE='#'
am__fastdepCC_FALSE=''
am__fastdepCC_TRUE='#'
am__include='include'
am__isrc=''
am__leading_dot='.'
am__quote=''
am__tar='${AMTAR} chof - "$$tardir"'
am__untar='${AMTAR} xf -'
bindir='${exec_prefix}/bin'
build_alias=''
datadir='${datarootdir}'
datarootdir='${prefix}/share'
docdir='${datarootdir}/doc/${PACKAGE_TARNAME}'
dvidir='${docdir}'
exec_prefix='${prefix}'
host_alias=''
htmldir='${docdir}'
includedir='${prefix}/include'
infodir='${datarootdir}/info'
install_sh='${SHELL} /var/www/html/web/lib/cabextract-1.4/install-sh'
libdir='${exec_prefix}/lib'
libexecdir='${exec_prefix}/libexec'
localedir='${datarootdir}/locale'
localstatedir='${prefix}/var'
mandir='${datarootdir}/man'
mkdir_p='/bin/mkdir -p'
oldincludedir='/usr/include'
pdfdir='${docdir}'
prefix='/usr/local'
program_transform_name='s,x,x,'
psdir='${docdir}'
sbindir='${exec_prefix}/sbin'
sharedstatedir='${prefix}/com'
sysconfdir='${prefix}/etc'
target_alias=''

## ----------- ##
## confdefs.h. ##
## ----------- ##

/* confdefs.h */
#define PACKAGE_NAME "cabextract"
#define PACKAGE_TARNAME "cabextract"
#define PACKAGE_VERSION "1.4"
#define PACKAGE_STRING "cabextract 1.4"
#define PACKAGE_BUGREPORT "kyzer@4u.net"
#define PACKAGE_URL ""
#define PACKAGE "cabextract"
#define VERSION "1.4"
#define STDC_HEADERS 1
#define TIME_WITH_SYS_TIME 1
#define HAVE_DIRENT_H 1
#define HAVE_SYS_TYPES_H 1
#define HAVE_SYS_STAT_H 1
#define HAVE_STDLIB_H 1
#define HAVE_STRING_H 1
#define HAVE_MEMORY_H 1
#define HAVE_STRINGS_H 1
#define HAVE_INTTYPES_H 1
#define HAVE_STDINT_H 1
#define HAVE_UNISTD_H 1
#define HAVE_CTYPE_H 1
#define HAVE_ERRNO_H 1
#define HAVE_FNMATCH_H 1
#define HAVE_LIBINTL_H 1
#define HAVE_LIMITS_H 1
#define HAVE_STDLIB_H 1
#define HAVE_STRING_H 1
#define HAVE_STRINGS_H 1
#define HAVE_UTIME_H 1
#define HAVE_STDARG_H 1
#define HAVE_SYS_STAT_H 1
#define HAVE_SYS_TIME_H 1
#define HAVE_SYS_TYPES_H 1
#define HAVE_GETOPT_H 1
#define HAVE_WCHAR_H 1
#define HAVE_WCTYPE_H 1
#define SIZEOF_OFF_T 8
#define HAVE_FNMATCH 1
#define HAVE_FSEEKO 1
#define HAVE_MKDIR 1
#define HAVE_SYS_TIME_H 1
#define HAVE_UNISTD_H 1
#define HAVE_ALARM 1
#define HAVE_MEMCPY 1
#define HAVE_STRCASECMP 1
#define HAVE_STRCHR 1
#define HAVE_UTIME 1
#define HAVE_UTIMES 1
#define HAVE_GETOPT_LONG 1
#define HAVE_ALLOCA_H 1
#define HAVE_ALLOCA 1
#define HAVE_MBSTATE_T 1

configure: exit 0
